стоп
продолжить
ыв
Выводы сделаны.
стоп
ыфв
ы
ы
продолжить
ы
Привет
закончить
s
Надо учиться
s
Попробуй другой путь.
стоп
фыв
фыв
ф
ывф




фывфыв
ф


продолжить
закончить
а
Надо учиться
а
Попробуй другой путь.
а
Хорошая погода
а
Попробуй другой путь.
стоп
ыва

в


продолжить
ыва

ыа
Можно начинать
в
Хорошая погода
в
Хорошая погода
в
Можно начинать
в
Привет
закончить
ы
Попробуй другой путь.
ы
Нет.
стоп
фыв
фы
вфыв
ф
продолжить
фыв
Можно начинать
фыв

фыв
Да.
закончить
s
Записываю...
s
Записываю...
s
А?
s
Попробуй другой путь.
s
фв
в
в
в
вв
в
в
вввввв
продолжить
продолжить
Хорошая погода
ы
Нет.
ы
Попробуй другой путь.
ы
Выводы сделаны.
ы
Надо учиться
закончить
ы
Надо учиться
ы
Надо учиться
ы
А?
ы
Привет
стоп
ы
ы
ы
ы
ы
ы
продолжить
Попробуй другой путь.
ы

ы
Можно начинать
ы

ы
Привет
ы
Нет.
ы
Записываю...
ы
Хорошая погода
закончить
ф
Нет.
ы
Попробуй другой путь.
ы
Хорошая погода
в
Привет
стоп
в
в
в
в
продолжить
Надо учиться
в
Выводы сделаны.
в
Выводы сделаны.
в
Хорошая погода
закончить
а
Выводы сделаны.
в
Нет.
в
Попробуй другой путь.
стоп
ыфв
ыфв
фыв
продолжить
Нет.
ы
Выводы сделаны.
ы
Выводы сделаны.
закончить
